InterSense Library ver. 4.17 32-bit
Copyright 1998-2010 InterSense Inc.
http://www.intersense.com
Tel: 781-541-6330

Mon May  7 14:41:02 2012
Looking for InterSense tracking device number 1. 
Please wait 

File isports.ini is present and will be used.
isports.ini: /dev/tty.KeySerial1 (FOUND:1 NUM:0 PORT:1 TYPE:1 BAUD:0)
Looking for IS-X00 device on port 1 (0.87)
Open port: /dev/tty.KeySerial1 (S:1 N:0 DP:1 DT:1 RT:0)
Opened /dev/tty.KeySerial1
.isports.ini: /dev/tty.KeySerial1 (FOUND:0 NUM:1 PORT:2 TYPE:0 BAUD:0)
isports.ini: /dev/tty.KeySerial1 (FOUND:0 NUM:2 PORT:3 TYPE:0 BAUD:0)
isports.ini: /dev/tty.KeySerial1 (FOUND:0 NUM:3 PORT:4 TYPE:0 BAUD:0)
isports.ini: /dev/tty.KeySerial1 (FOUND:0 NUM:4 PORT:5 TYPE:0 BAUD:0)
isports.ini: /dev/tty.KeySerial1 (FOUND:0 NUM:5 PORT:6 TYPE:0 BAUD:0)
isports.ini: /dev/tty.KeySerial1 (FOUND:0 NUM:6 PORT:7 TYPE:0 BAUD:0)
isports.ini: /dev/tty.KeySerial1 (FOUND:0 NUM:7 PORT:8 TYPE:0 BAUD:0)
isports.ini: /dev/tty.KeySerial1 (FOUND:0 NUM:8 PORT:9 TYPE:0 BAUD:0)
isports.ini: /dev/tty.KeySerial1 (FOUND:0 NUM:9 PORT:10 TYPE:0 BAUD:0)
isports.ini: /dev/tty.KeySerial1 (FOUND:0 NUM:10 PORT:11 TYPE:0 BAUD:0)
isports.ini: /dev/tty.KeySerial1 (FOUND:0 NUM:11 PORT:12 TYPE:0 BAUD:0)
isports.ini: /dev/tty.KeySerial1 (FOUND:0 NUM:12 PORT:13 TYPE:0 BAUD:0)
isports.ini: /dev/tty.KeySerial1 (FOUND:0 NUM:13 PORT:14 TYPE:0 BAUD:0)
isports.ini: /dev/tty.KeySerial1 (FOUND:0 NUM:14 PORT:15 TYPE:0 BAUD:0)
isports.ini: /dev/tty.KeySerial1 (FOUND:0 NUM:15 PORT:16 TYPE:0 BAUD:0)
isports.ini: /dev/tty.KeySerial1 (FOUND:0 NUM:16 PORT:17 TYPE:0 BAUD:0)
isports.ini: /dev/tty.KeySerial1 (FOUND:0 NUM:17 PORT:18 TYPE:0 BAUD:0)
isports.ini: /dev/tty.KeySerial1 (FOUND:0 NUM:18 PORT:19 TYPE:0 BAUD:0)
isports.ini: /dev/tty.KeySerial1 (FOUND:0 NUM:19 PORT:20 TYPE:0 BAUD:0)
isports.ini: /dev/tty.KeySerial1 (FOUND:0 NUM:20 PORT:21 TYPE:0 BAUD:0)
isports.ini: /dev/tty.KeySerial1 (FOUND:0 NUM:21 PORT:22 TYPE:0 BAUD:0)
isports.ini: /dev/tty.KeySerial1 (FOUND:0 NUM:22 PORT:23 TYPE:0 BAUD:0)
isports.ini: /dev/tty.KeySerial1 (FOUND:0 NUM:23 PORT:24 TYPE:0 BAUD:0)
isports.ini: /dev/tty.KeySerial1 (FOUND:0 NUM:24 PORT:25 TYPE:0 BAUD:0)
isports.ini: /dev/tty.KeySerial1 (FOUND:0 NUM:25 PORT:26 TYPE:0 BAUD:0)
isports.ini: /dev/tty.KeySerial1 (FOUND:0 NUM:26 PORT:27 TYPE:0 BAUD:0)
isports.ini: /dev/tty.KeySerial1 (FOUND:0 NUM:27 PORT:28 TYPE:0 BAUD:0)
isports.ini: /dev/tty.KeySerial1 (FOUND:0 NUM:28 PORT:29 TYPE:0 BAUD:0)
isports.ini: /dev/tty.KeySerial1 (FOUND:0 NUM:29 PORT:30 TYPE:0 BAUD:0)
isports.ini: /dev/tty.KeySerial1 (FOUND:0 NUM:30 PORT:31 TYPE:0 BAUD:0)
isports.ini: /dev/tty.KeySerial1 (FOUND:0 NUM:31 PORT:32 TYPE:0 BAUD:0)

Looking for SDP devices (1.02)
DEVWRN: Device config file not found: isradio.ini
Open port: /dev/tty.KeySerial1 (S:1 N:0 DP:1 DT:1 RT:0)
Opened /dev/tty.KeySerial1
Port 2 is not defined in isports.ini, can't open.
Port 3 is not defined in isports.ini, can't open.
Port 4 is not defined in isports.ini, can't open.
Port 5 is not defined in isports.ini, can't open.
Port 6 is not defined in isports.ini, can't open.
Port 7 is not defined in isports.ini, can't open.
Port 8 is not defined in isports.ini, can't open.
Port 9 is not defined in isports.ini, can't open.
Port 10 is not defined in isports.ini, can't open.
Port 11 is not defined in isports.ini, can't open.
Port 12 is not defined in isports.ini, can't open.
Port 13 is not defined in isports.ini, can't open.
Port 14 is not defined in isports.ini, can't open.
Port 15 is not defined in isports.ini, can't open.
Port 16 is not defined in isports.ini, can't open.
Port 17 is not defined in isports.ini, can't open.
Port 18 is not defined in isports.ini, can't open.
Port 19 is not defined in isports.ini, can't open.
Port 20 is not defined in isports.ini, can't open.
Port 21 is not defined in isports.ini, can't open.
Port 22 is not defined in isports.ini, can't open.
Port 23 is not defined in isports.ini, can't open.
Port 24 is not defined in isports.ini, can't open.
Port 25 is not defined in isports.ini, can't open.
Port 26 is not defined in isports.ini, can't open.
Port 27 is not defined in isports.ini, can't open.
Port 28 is not defined in isports.ini, can't open.
Port 29 is not defined in isports.ini, can't open.
Port 30 is not defined in isports.ini, can't open.
Port 31 is not defined in isports.ini, can't open.
Port 32 is not defined in isports.ini, can't open.


InertiaCube3 device detected

Finished SDP detection (4.66)
